<?xml version="1.0" encoding="UTF-8"?>
<!-- Generated by org.testng.reporters.JUnitReportReporter -->
<testsuite skipped="1" hostname="sridhar" name="Tweeter_Account.TwitterGetRequest" tests="4" failures="0" timestamp="17 Mar 2018 01:58:07 GMT" time="3.310" errors="0">
  <testcase name="deletetweet" time="0.216" classname="Tweeter_Account.TwitterGetRequest"/>
  <testcase name="PostTweet" time="2.829" classname="Tweeter_Account.TwitterGetRequest"/>
  <testcase name="getTweet" time="0.265" classname="Tweeter_Account.TwitterGetRequest"/>
  <testcase name="deletetweet_PathParam" classname="Tweeter_Account.TwitterGetRequest">
    <skipped/>
  </testcase> <!-- deletetweet_PathParam -->
</testsuite> <!-- Tweeter_Account.TwitterGetRequest -->
