<?xml version="1.0" encoding="UTF-8"?>
<!-- Generated by org.testng.reporters.JUnitReportReporter -->
<testsuite skipped="1" hostname="sridhar" name="Tweeter_Account.request_Specification" tests="2" failures="0" timestamp="20 Mar 2018 00:11:42 GMT" time="2.887" errors="0">
  <testcase name="responsespecification" time="2.887" classname="Tweeter_Account.request_Specification"/>
  <testcase name="Requestspecification" classname="Tweeter_Account.request_Specification">
    <skipped/>
  </testcase> <!-- Requestspecification -->
</testsuite> <!-- Tweeter_Account.request_Specification -->
