<?xml version="1.0" encoding="UTF-8"?>
<!-- Generated by org.testng.reporters.JUnitReportReporter -->
<testsuite skipped="1" hostname="sridhar" name="Tweeter_Account.Tweet_Post" tests="2" failures="0" timestamp="16 Mar 2018 23:37:22 GMT" time="2.872" errors="0">
  <testcase name="twitter_Extract" time="2.872" classname="Tweeter_Account.Tweet_Post"/>
  <testcase name="first_Post_tweet" classname="Tweeter_Account.Tweet_Post">
    <skipped/>
  </testcase> <!-- first_Post_tweet -->
</testsuite> <!-- Tweeter_Account.Tweet_Post -->
